graph=dblp
k=40
n=317080
m=1049866
input time=0.0959456
preprocess time=0.414654
kvcc time=1.37682
kvcc num = 10
program time=1.88779
graph=dblp
k=35
n=317080
m=1049866
input time=0.0915683
preprocess time=0.425955
kvcc time=1.49779
kvcc num = 18
program time=2.01574
graph=dblp
k=30
n=317080
m=1049866
input time=0.0948847
preprocess time=0.427976
kvcc time=1.43782
kvcc num = 27
program time=1.96108
graph=dblp
k=25
n=317080
m=1049866
input time=0.0935746
preprocess time=0.428259
kvcc time=1.4349
kvcc num = 57
program time=1.95732
graph=dblp
k=20
n=317080
m=1049866
input time=0.0938461
preprocess time=0.424678
kvcc time=1.47169
kvcc num = 110
program time=1.99093
graph=google
k=40
n=875713
m=4322051
input time=0.397763
preprocess time=2.08661
kvcc time=0.474205
kvcc num = 3
program time=2.95889
graph=google
k=35
n=875713
m=4322051
input time=0.364565
preprocess time=2.12262
kvcc time=0.468552
kvcc num = 3
program time=2.95614
graph=google
k=30
n=875713
m=4322051
input time=0.389979
preprocess time=2.22035
kvcc time=0.581817
kvcc num = 11
program time=3.1925
graph=google
k=25
n=875713
m=4322051
input time=0.380106
preprocess time=2.17072
kvcc time=0.834982
kvcc num = 33
program time=3.38634
graph=stanford
k=40
n=281903
m=1992636
input time=0.166258
preprocess time=0.663374
kvcc time=59.6998
kvcc num = 11
program time=60.5301
graph=dblp
k=40
n=317080
m=1049866
input time=0.0952967
preprocess time=0.395414
kvcc time=1.37102
kvcc num = 10
program time=1.86208
graph=dblp
k=35
n=317080
m=1049866
input time=0.0964759
preprocess time=0.406848
kvcc time=1.49657
kvcc num = 18
program time=2.0003
graph=dblp
k=30
n=317080
m=1049866
input time=0.0960412
preprocess time=0.390424
kvcc time=1.45416
kvcc num = 27
program time=1.94109
graph=dblp
k=25
n=317080
m=1049866
input time=0.0945939
preprocess time=0.449881
kvcc time=1.43183
kvcc num = 57
program time=1.97684
graph=dblp
k=20
n=317080
m=1049866
input time=0.0917817
preprocess time=0.386903
kvcc time=1.44899
kvcc num = 110
program time=1.92835
graph=google
k=40
n=875713
m=4322051
input time=0.375974
preprocess time=2.00954
kvcc time=0.538676
kvcc num = 3
program time=2.92451
graph=google
k=35
n=875713
m=4322051
input time=0.368505
preprocess time=2.15885
kvcc time=0.564744
kvcc num = 3
program time=3.0924
graph=google
k=30
n=875713
m=4322051
input time=0.370464
preprocess time=2.17208
kvcc time=0.568038
kvcc num = 11
program time=3.11095
graph=google
k=25
n=875713
m=4322051
input time=0.381697
preprocess time=2.13407
kvcc time=0.784016
kvcc num = 33
program time=3.30023
graph=stanford
k=40
n=281903
m=1992636
input time=0.169045
preprocess time=0.614661
kvcc time=60.9791
kvcc num = 11
program time=61.7634
graph=dblp
k=40
n=317080
m=1049866
input time=0.0972244
preprocess time=0.456915
kvcc time=1.39344
kvcc num = 10
program time=1.94794
graph=dblp
k=35
n=317080
m=1049866
input time=0.0965351
preprocess time=0.482054
kvcc time=1.51932
kvcc num = 18
program time=2.0983
graph=dblp
k=30
n=317080
m=1049866
input time=0.0966705
preprocess time=0.444131
kvcc time=1.46646
kvcc num = 27
program time=2.00769
graph=dblp
k=25
n=317080
m=1049866
input time=0.0975977
preprocess time=0.471939
kvcc time=1.4545
kvcc num = 57
program time=2.02459
graph=dblp
k=20
n=317080
m=1049866
input time=0.0926383
preprocess time=0.448019
kvcc time=1.54064
kvcc num = 110
program time=2.082
graph=google
k=40
n=875713
m=4322051
input time=0.416958
preprocess time=2.28925
kvcc time=0.712267
kvcc num = 3
program time=3.41883
graph=google
k=35
n=875713
m=4322051
input time=0.48981
preprocess time=2.21638
kvcc time=0.667259
kvcc num = 3
program time=3.37402
graph=google
k=30
n=875713
m=4322051
input time=0.414588
preprocess time=2.36788
kvcc time=0.555516
kvcc num = 11
program time=3.33842
graph=google
k=25
n=875713
m=4322051
input time=0.37667
preprocess time=2.24782
kvcc time=0.677782
kvcc num = 33
program time=3.30273
graph=stanford
k=40
n=281903
m=1992636
input time=0.168808
preprocess time=0.667456
kvcc time=56.2611
kvcc num = 11
program time=57.098
graph=dblp
k=40
n=317080
m=1049866
input time=0.101084
preprocess time=0.516153
kvcc time=1.46582
kvcc num = 10
program time=2.08355
graph=dblp
k=35
n=317080
m=1049866
input time=0.106057
preprocess time=0.627342
kvcc time=1.59419
kvcc num = 18
program time=2.32802
graph=dblp
k=30
n=317080
m=1049866
input time=0.0955042
preprocess time=0.422174
kvcc time=1.45137
kvcc num = 27
program time=1.96945
graph=dblp
k=25
n=317080
m=1049866
input time=0.0925212
preprocess time=0.442463
kvcc time=1.45221
kvcc num = 57
program time=1.98786
graph=dblp
k=20
n=317080
m=1049866
input time=0.0986488
preprocess time=0.430837
kvcc time=1.46535
kvcc num = 110
program time=1.99553
graph=google
k=40
n=875713
m=4322051
input time=0.383631
preprocess time=2.22036
kvcc time=0.458984
kvcc num = 3
program time=3.06328
graph=google
k=35
n=875713
m=4322051
input time=0.408123
preprocess time=2.29186
kvcc time=0.503615
kvcc num = 3
program time=3.20413
graph=google
k=30
n=875713
m=4322051
input time=0.369129
preprocess time=2.37905
kvcc time=0.556715
kvcc num = 11
program time=3.30524
graph=google
k=25
n=875713
m=4322051
input time=0.37689
preprocess time=2.36921
kvcc time=0.725231
kvcc num = 33
program time=3.4718
graph=stanford
k=40
n=281903
m=1992636
input time=0.166507
preprocess time=0.76564
kvcc time=61.4941
kvcc num = 11
program time=62.4269
graph=dblp
k=40
n=317080
m=1049866
input time=0.0925572
preprocess time=0.489832
kvcc time=1.38219
kvcc num = 10
program time=1.96493
graph=dblp
k=35
n=317080
m=1049866
input time=0.0960816
preprocess time=0.530896
kvcc time=1.52214
kvcc num = 18
program time=2.14946
graph=dblp
k=30
n=317080
m=1049866
input time=0.0914326
preprocess time=0.40853
kvcc time=1.48755
kvcc num = 27
program time=1.98796
graph=dblp
k=25
n=317080
m=1049866
input time=0.0975917
preprocess time=0.492952
kvcc time=1.48649
kvcc num = 57
program time=2.07757
graph=dblp
k=20
n=317080
m=1049866
input time=0.0988917
preprocess time=0.519163
kvcc time=1.47162
kvcc num = 110
program time=2.09037
graph=google
k=40
n=875713
m=4322051
input time=0.383745
preprocess time=2.20931
kvcc time=0.48975
kvcc num = 3
program time=3.08311
graph=google
k=35
n=875713
m=4322051
input time=0.377805
preprocess time=2.23356
kvcc time=0.521866
kvcc num = 3
program time=3.13357
graph=google
k=30
n=875713
m=4322051
input time=0.413465
preprocess time=2.353
kvcc time=0.587947
kvcc num = 11
program time=3.35478
graph=google
k=25
n=875713
m=4322051
input time=0.453727
preprocess time=2.54356
kvcc time=0.870743
kvcc num = 33
program time=3.86856
graph=stanford
k=40
n=281903
m=1992636
input time=0.185858
preprocess time=0.77575
kvcc time=56.3306
kvcc num = 11
program time=57.2929
