graph=dblp
k=40
n=317080
m=1049866
input time=0.0961122
preprocess time=0.416051
kvcc time=1.26415
kvcc num=10
ssvTime=0
sweepTime=0
program time=1.77666
graph=dblp
k=35
n=317080
m=1049866
input time=0.0987129
preprocess time=0.437455
kvcc time=1.34585
kvcc num=18
ssvTime=0
sweepTime=0
program time=1.88239
graph=dblp
k=30
n=317080
m=1049866
input time=0.0927257
preprocess time=0.399997
kvcc time=1.29438
kvcc num=27
ssvTime=0
sweepTime=0
program time=1.7875
graph=dblp
k=25
n=317080
m=1049866
input time=0.0910329
preprocess time=0.390592
kvcc time=1.41902
kvcc num=57
ssvTime=0
sweepTime=0
program time=1.90117
graph=dblp
k=20
n=317080
m=1049866
input time=0.0939538
preprocess time=0.448361
kvcc time=1.82657
kvcc num=110
ssvTime=0
sweepTime=0
program time=2.36961
graph=google
k=40
n=875713
m=4322051
input time=0.670412
preprocess time=2.1881
kvcc time=0.30959
kvcc num=3
ssvTime=0
sweepTime=0
program time=3.16851
graph=google
k=35
n=875713
m=4322051
input time=0.376261
preprocess time=2.34036
kvcc time=0.223974
kvcc num=3
ssvTime=0
sweepTime=0
program time=2.94093
graph=google
k=30
n=875713
m=4322051
input time=0.375046
preprocess time=2.16383
kvcc time=0.204158
kvcc num=11
ssvTime=0
sweepTime=0
program time=2.74335
graph=google
k=25
n=875713
m=4322051
input time=0.367695
preprocess time=2.1198
kvcc time=0.439955
kvcc num=33
ssvTime=0
sweepTime=0
program time=2.92789
graph=stanford
k=40
n=281903
m=1992636
input time=0.271008
preprocess time=0.656758
kvcc time=11.245
kvcc num=11
ssvTime=0
sweepTime=0
program time=12.1733
graph=dblp
k=40
n=317080
m=1049866
input time=0.0901395
preprocess time=0.381175
kvcc time=1.25065
kvcc num=10
ssvTime=0
sweepTime=0
program time=1.72229
graph=dblp
k=35
n=317080
m=1049866
input time=0.0911754
preprocess time=0.408622
kvcc time=1.33035
kvcc num=18
ssvTime=0
sweepTime=0
program time=1.83052
graph=dblp
k=30
n=317080
m=1049866
input time=0.089209
preprocess time=0.390667
kvcc time=1.2646
kvcc num=27
ssvTime=0
sweepTime=0
program time=1.74488
graph=dblp
k=25
n=317080
m=1049866
input time=0.0899233
preprocess time=0.389569
kvcc time=1.42429
kvcc num=57
ssvTime=0
sweepTime=0
program time=1.90431
graph=dblp
k=20
n=317080
m=1049866
input time=0.0907697
preprocess time=0.378125
kvcc time=1.73664
kvcc num=110
ssvTime=0
sweepTime=0
program time=2.20624
graph=google
k=40
n=875713
m=4322051
input time=0.374461
preprocess time=2.07468
kvcc time=0.242771
kvcc num=3
ssvTime=0
sweepTime=0
program time=2.69224
graph=google
k=35
n=875713
m=4322051
input time=0.364881
preprocess time=2.01792
kvcc time=0.203845
kvcc num=3
ssvTime=0
sweepTime=0
program time=2.58694
graph=google
k=30
n=875713
m=4322051
input time=0.362931
preprocess time=2.01019
kvcc time=0.193929
kvcc num=11
ssvTime=0
sweepTime=0
program time=2.56743
graph=google
k=25
n=875713
m=4322051
input time=0.366417
preprocess time=2.04776
kvcc time=0.434434
kvcc num=33
ssvTime=0
sweepTime=0
program time=2.84902
graph=stanford
k=40
n=281903
m=1992636
input time=0.18799
preprocess time=0.606525
kvcc time=11.3475
kvcc num=11
ssvTime=0
sweepTime=0
program time=12.1426
graph=dblp
k=40
n=317080
m=1049866
input time=0.092647
preprocess time=0.433662
kvcc time=1.26764
kvcc num=10
ssvTime=0
sweepTime=0
program time=1.79431
graph=dblp
k=35
n=317080
m=1049866
input time=0.0919014
preprocess time=0.466494
kvcc time=1.32597
kvcc num=18
ssvTime=0
sweepTime=0
program time=1.88476
graph=dblp
k=30
n=317080
m=1049866
input time=0.0949529
preprocess time=0.453953
kvcc time=1.29435
kvcc num=27
ssvTime=0
sweepTime=0
program time=1.84368
graph=dblp
k=25
n=317080
m=1049866
input time=0.0912543
preprocess time=0.416929
kvcc time=1.46033
kvcc num=57
ssvTime=0
sweepTime=0
program time=1.96903
graph=dblp
k=20
n=317080
m=1049866
input time=0.107586
preprocess time=0.476746
kvcc time=2.05534
kvcc num=110
ssvTime=0
sweepTime=0
program time=2.64042
graph=google
k=40
n=875713
m=4322051
input time=0.378478
preprocess time=2.37002
kvcc time=0.257414
kvcc num=3
ssvTime=0
sweepTime=0
program time=3.00635
graph=google
k=35
n=875713
m=4322051
input time=0.40097
preprocess time=2.40795
kvcc time=0.314524
kvcc num=3
ssvTime=0
sweepTime=0
program time=3.12384
graph=google
k=30
n=875713
m=4322051
input time=0.384696
preprocess time=2.27539
kvcc time=0.215849
kvcc num=11
ssvTime=0
sweepTime=0
program time=2.87627
graph=google
k=25
n=875713
m=4322051
input time=0.37758
preprocess time=2.34189
kvcc time=0.479786
kvcc num=33
ssvTime=0
sweepTime=0
program time=3.19971
graph=stanford
k=40
n=281903
m=1992636
input time=0.183087
preprocess time=0.712196
kvcc time=13.7121
kvcc num=11
ssvTime=0
sweepTime=0
program time=14.608
graph=dblp
k=40
n=317080
m=1049866
input time=0.0940837
preprocess time=0.440932
kvcc time=1.29993
kvcc num=10
ssvTime=0
sweepTime=0
program time=1.83529
graph=dblp
k=35
n=317080
m=1049866
input time=0.0919456
preprocess time=0.462129
kvcc time=1.36937
kvcc num=18
ssvTime=0
sweepTime=0
program time=1.92381
graph=dblp
k=30
n=317080
m=1049866
input time=0.0945666
preprocess time=0.475482
kvcc time=1.34517
kvcc num=27
ssvTime=0
sweepTime=0
program time=1.91568
graph=dblp
k=25
n=317080
m=1049866
input time=0.105232
preprocess time=0.647943
kvcc time=1.61322
kvcc num=57
ssvTime=0
sweepTime=0
program time=2.36695
graph=dblp
k=20
n=317080
m=1049866
input time=0.102565
preprocess time=0.56442
kvcc time=1.93248
kvcc num=110
ssvTime=0
sweepTime=0
program time=2.60029
graph=google
k=40
n=875713
m=4322051
input time=0.448581
preprocess time=2.37871
kvcc time=0.257588
kvcc num=3
ssvTime=0
sweepTime=0
program time=3.0852
graph=google
k=35
n=875713
m=4322051
input time=0.397336
preprocess time=2.35152
kvcc time=0.262562
kvcc num=3
ssvTime=0
sweepTime=0
program time=3.01178
graph=google
k=30
n=875713
m=4322051
input time=0.375255
preprocess time=2.36957
kvcc time=0.233341
kvcc num=11
ssvTime=0
sweepTime=0
program time=2.97851
graph=google
k=25
n=875713
m=4322051
input time=0.368099
preprocess time=2.23396
kvcc time=0.493192
kvcc num=33
ssvTime=0
sweepTime=0
program time=3.0957
graph=stanford
k=40
n=281903
m=1992636
input time=0.16877
preprocess time=0.69056
kvcc time=18.7467
kvcc num=11
ssvTime=0
sweepTime=0
program time=19.6066
graph=dblp
k=40
n=317080
m=1049866
input time=0.0935768
preprocess time=0.403462
kvcc time=1.27465
kvcc num=10
ssvTime=0
sweepTime=0
program time=1.77203
graph=dblp
k=35
n=317080
m=1049866
input time=0.0909323
preprocess time=0.408421
kvcc time=1.33963
kvcc num=18
ssvTime=0
sweepTime=0
program time=1.83935
graph=dblp
k=30
n=317080
m=1049866
input time=0.093421
preprocess time=0.569486
kvcc time=1.29564
kvcc num=27
ssvTime=0
sweepTime=0
program time=1.95893
graph=dblp
k=25
n=317080
m=1049866
input time=0.0932133
preprocess time=0.43047
kvcc time=1.42241
kvcc num=57
ssvTime=0
sweepTime=0
program time=1.94663
graph=dblp
k=20
n=317080
m=1049866
input time=0.104868
preprocess time=0.407907
kvcc time=1.73635
kvcc num=110
ssvTime=0
sweepTime=0
program time=2.24983
graph=google
k=40
n=875713
m=4322051
input time=0.397403
preprocess time=2.12415
kvcc time=0.240968
kvcc num=3
ssvTime=0
sweepTime=0
program time=2.76285
graph=google
k=35
n=875713
m=4322051
input time=0.366838
preprocess time=2.13862
kvcc time=0.239468
kvcc num=3
ssvTime=0
sweepTime=0
program time=2.74523
graph=google
k=30
n=875713
m=4322051
input time=0.372283
preprocess time=2.14086
kvcc time=0.222783
kvcc num=11
ssvTime=0
sweepTime=0
program time=2.73625
graph=google
k=25
n=875713
m=4322051
input time=0.368648
preprocess time=2.10474
kvcc time=0.479278
kvcc num=33
ssvTime=0
sweepTime=0
program time=2.95309
graph=stanford
k=40
n=281903
m=1992636
input time=0.169307
preprocess time=0.647568
kvcc time=11.1421
kvcc num=11
ssvTime=0
sweepTime=0
program time=11.9595
