graph=dblp
k=40
n=317080
m=1049866
input time=0.105794
preprocess time=0.424317
kvcc time=4.58667
kvcc num=10
ssvTime=0
sweepTime=0
program time=5.11713
graph=dblp
k=35
n=317080
m=1049866
input time=0.0907684
preprocess time=0.398092
kvcc time=4.84433
kvcc num=18
ssvTime=0
sweepTime=0
program time=5.33357
graph=dblp
k=30
n=317080
m=1049866
input time=0.091811
preprocess time=0.393792
kvcc time=4.72722
kvcc num=27
ssvTime=0
sweepTime=0
program time=5.21325
graph=dblp
k=25
n=317080
m=1049866
input time=0.0923368
preprocess time=0.390495
kvcc time=4.88903
kvcc num=57
ssvTime=0
sweepTime=0
program time=5.3724
graph=dblp
k=20
n=317080
m=1049866
input time=0.0930097
preprocess time=0.401921
kvcc time=5.60277
kvcc num=110
ssvTime=0
sweepTime=0
program time=6.09843
graph=google
k=40
n=875713
m=4322051
input time=0.558104
preprocess time=2.19655
kvcc time=0.545126
kvcc num=3
ssvTime=0
sweepTime=0
program time=3.30018
graph=google
k=35
n=875713
m=4322051
input time=0.376449
preprocess time=2.18141
kvcc time=0.481074
kvcc num=3
ssvTime=0
sweepTime=0
program time=3.03926
graph=google
k=30
n=875713
m=4322051
input time=0.374885
preprocess time=2.34075
kvcc time=0.669035
kvcc num=11
ssvTime=0
sweepTime=0
program time=3.38508
graph=google
k=25
n=875713
m=4322051
input time=0.385882
preprocess time=2.12042
kvcc time=0.996389
kvcc num=33
ssvTime=0
sweepTime=0
program time=3.50312
graph=stanford
k=40
n=281903
m=1992636
input time=0.298254
preprocess time=0.636949
kvcc time=61.2015
kvcc num=11
ssvTime=0
sweepTime=0
program time=62.1376
graph=dblp
k=40
n=317080
m=1049866
input time=0.0947893
preprocess time=0.385632
kvcc time=4.54067
kvcc num=10
ssvTime=0
sweepTime=0
program time=5.02146
graph=dblp
k=35
n=317080
m=1049866
input time=0.0916875
preprocess time=0.38447
kvcc time=4.77354
kvcc num=18
ssvTime=0
sweepTime=0
program time=5.25007
graph=dblp
k=30
n=317080
m=1049866
input time=0.0916709
preprocess time=0.391324
kvcc time=4.67864
kvcc num=27
ssvTime=0
sweepTime=0
program time=5.16203
graph=dblp
k=25
n=317080
m=1049866
input time=0.0893005
preprocess time=0.473513
kvcc time=4.64732
kvcc num=57
ssvTime=0
sweepTime=0
program time=5.21076
graph=dblp
k=20
n=317080
m=1049866
input time=0.09345
preprocess time=0.384371
kvcc time=4.87461
kvcc num=110
ssvTime=0
sweepTime=0
program time=5.3531
graph=google
k=40
n=875713
m=4322051
input time=0.375781
preprocess time=2.03245
kvcc time=0.51117
kvcc num=3
ssvTime=0
sweepTime=0
program time=2.91975
graph=google
k=35
n=875713
m=4322051
input time=0.367777
preprocess time=2.16598
kvcc time=0.477064
kvcc num=3
ssvTime=0
sweepTime=0
program time=3.01114
graph=google
k=30
n=875713
m=4322051
input time=0.370893
preprocess time=2.21474
kvcc time=0.53543
kvcc num=11
ssvTime=0
sweepTime=0
program time=3.12145
graph=google
k=25
n=875713
m=4322051
input time=0.364774
preprocess time=2.11877
kvcc time=0.976216
kvcc num=33
ssvTime=0
sweepTime=0
program time=3.46021
graph=stanford
k=40
n=281903
m=1992636
input time=0.166348
preprocess time=0.648853
kvcc time=55.9036
kvcc num=11
ssvTime=0
sweepTime=0
program time=56.7193
graph=dblp
k=40
n=317080
m=1049866
input time=0.0954691
preprocess time=0.386583
kvcc time=4.50867
kvcc num=10
ssvTime=0
sweepTime=0
program time=4.99105
graph=dblp
k=35
n=317080
m=1049866
input time=0.0920903
preprocess time=0.390501
kvcc time=4.76261
kvcc num=18
ssvTime=0
sweepTime=0
program time=5.24556
graph=dblp
k=30
n=317080
m=1049866
input time=0.0918998
preprocess time=0.390857
kvcc time=4.7116
kvcc num=27
ssvTime=0
sweepTime=0
program time=5.19475
graph=dblp
k=25
n=317080
m=1049866
input time=0.0913845
preprocess time=0.381011
kvcc time=4.4935
kvcc num=57
ssvTime=0
sweepTime=0
program time=4.96644
graph=dblp
k=20
n=317080
m=1049866
input time=0.0918251
preprocess time=0.392359
kvcc time=4.91676
kvcc num=110
ssvTime=0
sweepTime=0
program time=5.40165
graph=google
k=40
n=875713
m=4322051
input time=0.371702
preprocess time=2.06482
kvcc time=0.563602
kvcc num=3
ssvTime=0
sweepTime=0
program time=3.00042
graph=google
k=35
n=875713
m=4322051
input time=0.367509
preprocess time=2.04474
kvcc time=0.470706
kvcc num=3
ssvTime=0
sweepTime=0
program time=2.88337
graph=google
k=30
n=875713
m=4322051
input time=0.370327
preprocess time=2.05044
kvcc time=0.52075
kvcc num=11
ssvTime=0
sweepTime=0
program time=2.94186
graph=google
k=25
n=875713
m=4322051
input time=0.365299
preprocess time=2.06857
kvcc time=1.02237
kvcc num=33
ssvTime=0
sweepTime=0
program time=3.4567
graph=stanford
k=40
n=281903
m=1992636
input time=0.168014
preprocess time=0.612062
kvcc time=57.8602
kvcc num=11
ssvTime=0
sweepTime=0
program time=58.6409
graph=dblp
k=40
n=317080
m=1049866
input time=0.0934198
preprocess time=0.380898
kvcc time=4.5487
kvcc num=10
ssvTime=0
sweepTime=0
program time=5.02336
graph=dblp
k=35
n=317080
m=1049866
input time=0.0911038
preprocess time=0.378107
kvcc time=4.80786
kvcc num=18
ssvTime=0
sweepTime=0
program time=5.27744
graph=dblp
k=30
n=317080
m=1049866
input time=0.092237
preprocess time=0.401305
kvcc time=4.7174
kvcc num=27
ssvTime=0
sweepTime=0
program time=5.2114
graph=dblp
k=25
n=317080
m=1049866
input time=0.0949377
preprocess time=0.440766
kvcc time=4.46327
kvcc num=57
ssvTime=0
sweepTime=0
program time=4.99948
graph=dblp
k=20
n=317080
m=1049866
input time=0.0922308
preprocess time=0.449862
kvcc time=4.78441
kvcc num=110
ssvTime=0
sweepTime=0
program time=5.32723
graph=google
k=40
n=875713
m=4322051
input time=0.375672
preprocess time=2.02392
kvcc time=0.517405
kvcc num=3
ssvTime=0
sweepTime=0
program time=2.91731
graph=google
k=35
n=875713
m=4322051
input time=0.370476
preprocess time=2.15185
kvcc time=0.476245
kvcc num=3
ssvTime=0
sweepTime=0
program time=2.99886
graph=google
k=30
n=875713
m=4322051
input time=0.369403
preprocess time=2.03795
kvcc time=0.53102
kvcc num=11
ssvTime=0
sweepTime=0
program time=2.93871
graph=google
k=25
n=875713
m=4322051
input time=0.36559
preprocess time=2.04921
kvcc time=0.990396
kvcc num=33
ssvTime=0
sweepTime=0
program time=3.40562
graph=stanford
k=40
n=281903
m=1992636
input time=0.162304
preprocess time=0.646667
kvcc time=58.043
kvcc num=11
ssvTime=0
sweepTime=0
program time=58.8527
graph=dblp
k=40
n=317080
m=1049866
input time=0.0915014
preprocess time=0.38578
kvcc time=4.53413
kvcc num=10
ssvTime=0
sweepTime=0
program time=5.01174
graph=dblp
k=35
n=317080
m=1049866
input time=0.092796
preprocess time=0.385648
kvcc time=4.78082
kvcc num=18
ssvTime=0
sweepTime=0
program time=5.25962
graph=dblp
k=30
n=317080
m=1049866
input time=0.0911243
preprocess time=0.387009
kvcc time=4.69099
kvcc num=27
ssvTime=0
sweepTime=0
program time=5.16955
graph=dblp
k=25
n=317080
m=1049866
input time=0.0921938
preprocess time=0.399091
kvcc time=4.62464
kvcc num=57
ssvTime=0
sweepTime=0
program time=5.11658
graph=dblp
k=20
n=317080
m=1049866
input time=0.090769
preprocess time=0.472738
kvcc time=5.1931
kvcc num=110
ssvTime=0
sweepTime=0
program time=5.75734
graph=google
k=40
n=875713
m=4322051
input time=0.372219
preprocess time=2.23409
kvcc time=0.541244
kvcc num=3
ssvTime=0
sweepTime=0
program time=3.14788
graph=google
k=35
n=875713
m=4322051
input time=0.368406
preprocess time=2.06515
kvcc time=0.487348
kvcc num=3
ssvTime=0
sweepTime=0
program time=2.92122
graph=google
k=30
n=875713
m=4322051
input time=0.367849
preprocess time=2.09544
kvcc time=0.527945
kvcc num=11
ssvTime=0
sweepTime=0
program time=2.99156
graph=google
k=25
n=875713
m=4322051
input time=0.365362
preprocess time=2.06008
kvcc time=1.02099
kvcc num=33
ssvTime=0
sweepTime=0
program time=3.44686
graph=stanford
k=40
n=281903
m=1992636
input time=0.161921
preprocess time=0.631738
kvcc time=58.5518
kvcc num=11
ssvTime=0
sweepTime=0
program time=59.3462
