graph=dblp
k=40
n=317080
m=1049866
input time=0.0979258
preprocess time=0.420357
kvcc time=1.26875
kvcc num=10
ssvTime=0
sweepTime=0
program time=1.78753
graph=dblp
k=35
n=317080
m=1049866
input time=0.0898058
preprocess time=0.398897
kvcc time=1.33281
kvcc num=18
ssvTime=0
sweepTime=0
program time=1.82187
graph=dblp
k=30
n=317080
m=1049866
input time=0.091146
preprocess time=0.3923
kvcc time=1.30978
kvcc num=27
ssvTime=0
sweepTime=0
program time=1.79366
graph=dblp
k=25
n=317080
m=1049866
input time=0.0931048
preprocess time=0.399242
kvcc time=1.54313
kvcc num=57
ssvTime=0
sweepTime=0
program time=2.03601
graph=dblp
k=20
n=317080
m=1049866
input time=0.0912609
preprocess time=0.39692
kvcc time=1.72036
kvcc num=110
ssvTime=0
sweepTime=0
program time=2.20924
graph=google
k=40
n=875713
m=4322051
input time=0.474939
preprocess time=2.06457
kvcc time=0.254886
kvcc num=3
ssvTime=0
sweepTime=0
program time=2.79471
graph=google
k=35
n=875713
m=4322051
input time=0.364588
preprocess time=2.09121
kvcc time=0.218823
kvcc num=3
ssvTime=0
sweepTime=0
program time=2.67495
graph=google
k=30
n=875713
m=4322051
input time=0.370712
preprocess time=2.09305
kvcc time=0.203898
kvcc num=11
ssvTime=0
sweepTime=0
program time=2.66802
graph=google
k=25
n=875713
m=4322051
input time=0.362439
preprocess time=2.11539
kvcc time=0.436064
kvcc num=33
ssvTime=0
sweepTime=0
program time=2.91432
graph=stanford
k=40
n=281903
m=1992636
input time=0.239265
preprocess time=0.60303
kvcc time=14.3083
kvcc num=11
ssvTime=0
sweepTime=0
program time=15.1513
