graph=dblp
k=40
n=317080
m=1049866
input time=0.0943155
preprocess time=0.399726
kvcc time=1.30269
kvcc num=10
program time=1.7971
graph=dblp
k=35
n=317080
m=1049866
input time=0.092521
preprocess time=0.401741
kvcc time=1.41341
kvcc num=18
program time=1.90804
graph=dblp
k=30
n=317080
m=1049866
input time=0.0938885
preprocess time=0.414821
kvcc time=1.45523
kvcc num=27
program time=1.96441
graph=dblp
k=25
n=317080
m=1049866
input time=0.0950484
preprocess time=0.400992
kvcc time=1.94852
kvcc num=57
program time=2.44508
graph=dblp
k=20
n=317080
m=1049866
input time=0.0920448
preprocess time=0.420239
kvcc time=3.36009
kvcc num=110
program time=3.87324
graph=google
k=40
n=875713
m=4322051
input time=0.443406
preprocess time=2.56697
kvcc time=0.404708
kvcc num=3
program time=3.41547
graph=google
k=35
n=875713
m=4322051
input time=0.385049
preprocess time=2.20601
kvcc time=0.409908
kvcc num=3
program time=3.0013
graph=google
k=30
n=875713
m=4322051
input time=0.419686
preprocess time=2.16227
kvcc time=0.387832
kvcc num=11
program time=2.97018
graph=google
k=25
n=875713
m=4322051
input time=0.379224
preprocess time=2.04194
kvcc time=0.587385
kvcc num=33
program time=3.00897
graph=stanford
k=40
n=281903
m=1992636
input time=0.167005
preprocess time=0.613346
kvcc time=12.1541
kvcc num=11
program time=12.9351
graph=dblp
k=40
n=317080
m=1049866
input time=0.0943467
preprocess time=0.426429
kvcc time=1.32674
kvcc num=10
program time=1.84787
graph=dblp
k=35
n=317080
m=1049866
input time=0.097844
preprocess time=0.426316
kvcc time=1.45513
kvcc num=18
program time=1.97967
graph=dblp
k=30
n=317080
m=1049866
input time=0.10047
preprocess time=0.497612
kvcc time=1.48532
kvcc num=27
program time=2.08385
graph=dblp
k=25
n=317080
m=1049866
input time=0.0936671
preprocess time=0.392282
kvcc time=1.91003
kvcc num=57
program time=2.3965
graph=dblp
k=20
n=317080
m=1049866
input time=0.0921309
preprocess time=0.389557
kvcc time=3.00155
kvcc num=110
program time=3.48394
graph=google
k=40
n=875713
m=4322051
input time=0.363136
preprocess time=2.13108
kvcc time=0.433313
kvcc num=3
program time=2.92787
graph=google
k=35
n=875713
m=4322051
input time=0.379771
preprocess time=2.19958
kvcc time=0.399369
kvcc num=3
program time=2.97903
graph=google
k=30
n=875713
m=4322051
input time=0.367567
preprocess time=2.56702
kvcc time=0.578257
kvcc num=11
program time=3.51321
graph=google
k=25
n=875713
m=4322051
input time=0.436235
preprocess time=2.17455
kvcc time=0.609387
kvcc num=33
program time=3.22064
graph=stanford
k=40
n=281903
m=1992636
input time=0.165271
preprocess time=0.662972
kvcc time=11.0129
kvcc num=11
program time=11.8417
graph=dblp
k=40
n=317080
m=1049866
input time=0.0918641
preprocess time=0.389724
kvcc time=1.32794
kvcc num=10
program time=1.80991
graph=dblp
k=35
n=317080
m=1049866
input time=0.091827
preprocess time=0.38437
kvcc time=1.42089
kvcc num=18
program time=1.89749
graph=dblp
k=30
n=317080
m=1049866
input time=0.0905789
preprocess time=0.399679
kvcc time=1.47474
kvcc num=27
program time=1.96545
graph=dblp
k=25
n=317080
m=1049866
input time=0.0933183
preprocess time=0.407993
kvcc time=1.9353
kvcc num=57
program time=2.43712
graph=dblp
k=20
n=317080
m=1049866
input time=0.0928468
preprocess time=0.388012
kvcc time=3.08671
kvcc num=110
program time=3.56828
graph=google
k=40
n=875713
m=4322051
input time=0.376254
preprocess time=2.35084
kvcc time=0.455579
kvcc num=3
program time=3.18298
graph=google
k=35
n=875713
m=4322051
input time=0.377682
preprocess time=2.33746
kvcc time=0.466113
kvcc num=3
program time=3.18158
graph=google
k=30
n=875713
m=4322051
input time=0.388056
preprocess time=2.35344
kvcc time=0.381663
kvcc num=11
program time=3.12363
graph=google
k=25
n=875713
m=4322051
input time=0.378125
preprocess time=2.06147
kvcc time=0.608167
kvcc num=33
program time=3.04826
graph=stanford
k=40
n=281903
m=1992636
input time=0.163831
preprocess time=0.724547
kvcc time=12.1735
kvcc num=11
program time=13.0625
graph=dblp
k=40
n=317080
m=1049866
input time=0.0929929
preprocess time=0.408639
kvcc time=1.32148
kvcc num=10
program time=1.82347
graph=dblp
k=35
n=317080
m=1049866
input time=0.100815
preprocess time=0.393862
kvcc time=1.40732
kvcc num=18
program time=1.90245
graph=dblp
k=30
n=317080
m=1049866
input time=0.0917629
preprocess time=0.379395
kvcc time=1.45648
kvcc num=27
program time=1.92804
graph=dblp
k=25
n=317080
m=1049866
input time=0.092088
preprocess time=0.42377
kvcc time=1.90899
kvcc num=57
program time=2.42535
graph=dblp
k=20
n=317080
m=1049866
input time=0.0938088
preprocess time=0.385531
kvcc time=2.96563
kvcc num=110
program time=3.44563
graph=google
k=40
n=875713
m=4322051
input time=0.369903
preprocess time=1.99132
kvcc time=0.391021
kvcc num=3
program time=2.75255
graph=google
k=35
n=875713
m=4322051
input time=0.372504
preprocess time=2.05428
kvcc time=0.377606
kvcc num=3
program time=2.80469
graph=google
k=30
n=875713
m=4322051
input time=0.364259
preprocess time=1.98493
kvcc time=0.386931
kvcc num=11
program time=2.73649
graph=google
k=25
n=875713
m=4322051
input time=0.491182
preprocess time=2.22981
kvcc time=0.701853
kvcc num=33
program time=3.42331
graph=stanford
k=40
n=281903
m=1992636
input time=0.166812
preprocess time=0.646092
kvcc time=10.4518
kvcc num=11
program time=11.2653
graph=dblp
k=40
n=317080
m=1049866
input time=0.0918439
preprocess time=0.374735
kvcc time=1.31582
kvcc num=10
program time=1.78279
graph=dblp
k=35
n=317080
m=1049866
input time=0.0937117
preprocess time=0.397967
kvcc time=1.41195
kvcc num=18
program time=1.90403
graph=dblp
k=30
n=317080
m=1049866
input time=0.0922038
preprocess time=0.400044
kvcc time=1.45965
kvcc num=27
program time=1.95237
graph=dblp
k=25
n=317080
m=1049866
input time=0.0926262
preprocess time=0.415413
kvcc time=1.95217
kvcc num=57
program time=2.46078
graph=dblp
k=20
n=317080
m=1049866
input time=0.093498
preprocess time=0.455728
kvcc time=3.23177
kvcc num=110
program time=3.78169
graph=google
k=40
n=875713
m=4322051
input time=0.406245
preprocess time=2.25761
kvcc time=0.426219
kvcc num=3
program time=3.09041
graph=google
k=35
n=875713
m=4322051
input time=0.371694
preprocess time=2.15315
kvcc time=0.390109
kvcc num=3
program time=2.91532
graph=google
k=30
n=875713
m=4322051
input time=0.449299
preprocess time=2.44481
kvcc time=0.410861
kvcc num=11
program time=3.3055
graph=google
k=25
n=875713
m=4322051
input time=0.376955
preprocess time=2.3443
kvcc time=0.593016
kvcc num=33
program time=3.31472
graph=stanford
k=40
n=281903
m=1992636
input time=0.172618
preprocess time=0.83178
kvcc time=12.8458
kvcc num=11
program time=13.8513
